<?xml version="1.0" encoding="UTF-8"?>
<!-- Generated by org.testng.reporters.JUnitXMLReporter -->
<testsuite ignored="0" hostname="LAPTOP-0BD3UPIP" failures="0" tests="5" name="Default test" time="12.451" errors="0" timestamp="07 Jun 2025 17:24:26 GMT">
  <testcase classname="swaglab_test.LoginTest" name="LockedUserLoginFailureTest" time="0.327"/>
  <testcase classname="swaglab_test.LoginTest" name="LoginFailureTestFromExcel" time="0.329"/>
  <testcase classname="swaglab_test.LoginTest" name="LoginFailureTestFromProperties" time="0.275"/>
  <testcase classname="swaglab_test.LoginTest" name="LoginSuccessTest" time="0.327"/>
  <testcase classname="swaglab_test.LoginTest" name="LoginFailureTest" time="0.285"/>
</testsuite> <!-- Default test -->
