<?xml version="1.0" encoding="UTF-8"?>
<!-- Generated by org.testng.reporters.JUnitXMLReporter -->
<testsuite ignored="3" hostname="LAPTOP-0BD3UPIP" failures="0" tests="2" name="SmokeTest" time="0.036" errors="0" timestamp="12 Apr 2025 12:57:23 GMT">
  <testcase classname="testng.AnnotationsExample" name="test2" time="0.008"/>
  <testcase classname="testng.AnnotationsExample2" name="test3" time="0.001"/>
  <testcase classname="testng.BaseClass" name="@BeforeTest Method4" time="0.0">
    <ignored/>
  </testcase> <!-- @BeforeTest Method4 -->
  <testcase classname="testng.AnnotationsExample" name="test1" time="0.0">
    <ignored/>
  </testcase> <!-- test1 -->
  <testcase classname="testng.BaseClass" name="@AfterTest Method5" time="0.0">
    <ignored/>
  </testcase> <!-- @AfterTest Method5 -->
</testsuite> <!-- SmokeTest -->
