<?xml version="1.0" encoding="UTF-8"?>
<testng-results ignored="0" total="5" passed="5" failed="0" skipped="0">
  <reporter-output>
  </reporter-output>
  <suite started-at="2025-06-21T14:34:01Z" name="Simplilearn" finished-at="2025-06-21T14:34:10Z" duration-ms="8769">
    <groups>
    </groups>
    <test started-at="2025-06-21T14:34:01Z" name="SmokeTest" finished-at="2025-06-21T14:34:10Z" duration-ms="8769">
      <class name="swaglab_test.LoginTest">
        <test-method is-config="true" signature="SetUpExcel()[pri:0, instance:swaglab_test.LoginTest@75437611]" started-at="2025-06-21T14:34:01Z" name="SetUpExcel" finished-at="2025-06-21T14:34:02Z" duration-ms="361" status="PASS">
          <reporter-output>
          </reporter-output>
        </test-method> <!-- SetUpExcel -->
        <test-method is-config="true" signature="SetUp()[pri:0, instance:swaglab_test.LoginTest@75437611]" started-at="2025-06-21T14:34:02Z" name="SetUp" finished-at="2025-06-21T14:34:03Z" duration-ms="1433" status="PASS">
          <reporter-output>
          </reporter-output>
        </test-method> <!-- SetUp -->
        <test-method signature="LockedUserLoginFailureTest()[pri:0, instance:swaglab_test.LoginTest@75437611]" started-at="2025-06-21T14:34:03Z" name="LockedUserLoginFailureTest" finished-at="2025-06-21T14:34:04Z" duration-ms="295" status="PASS">
          <reporter-output>
          </reporter-output>
        </test-method> <!-- LockedUserLoginFailureTest -->
        <test-method is-config="true" signature="TearDown()[pri:0, instance:swaglab_test.LoginTest@75437611]" started-at="2025-06-21T14:34:04Z" name="TearDown" finished-at="2025-06-21T14:34:04Z" duration-ms="186" status="PASS">
          <reporter-output>
          </reporter-output>
        </test-method> <!-- TearDown -->
        <test-method is-config="true" signature="SetUp()[pri:0, instance:swaglab_test.LoginTest@75437611]" started-at="2025-06-21T14:34:04Z" name="SetUp" finished-at="2025-06-21T14:34:05Z" duration-ms="1073" status="PASS">
          <reporter-output>
          </reporter-output>
        </test-method> <!-- SetUp -->
        <test-method signature="LoginFailureTestFromExcel()[pri:0, instance:swaglab_test.LoginTest@75437611]" started-at="2025-06-21T14:34:05Z" name="LoginFailureTestFromExcel" finished-at="2025-06-21T14:34:05Z" duration-ms="278" status="PASS">
          <reporter-output>
          </reporter-output>
        </test-method> <!-- LoginFailureTestFromExcel -->
        <test-method is-config="true" signature="TearDown()[pri:0, instance:swaglab_test.LoginTest@75437611]" started-at="2025-06-21T14:34:05Z" name="TearDown" finished-at="2025-06-21T14:34:05Z" duration-ms="195" status="PASS">
          <reporter-output>
          </reporter-output>
        </test-method> <!-- TearDown -->
        <test-method is-config="true" signature="SetUp()[pri:0, instance:swaglab_test.LoginTest@75437611]" started-at="2025-06-21T14:34:05Z" name="SetUp" finished-at="2025-06-21T14:34:06Z" duration-ms="1206" status="PASS">
          <reporter-output>
          </reporter-output>
        </test-method> <!-- SetUp -->
        <test-method signature="LoginFailureTestFromProperties()[pri:0, instance:swaglab_test.LoginTest@75437611]" started-at="2025-06-21T14:34:06Z" name="LoginFailureTestFromProperties" finished-at="2025-06-21T14:34:07Z" duration-ms="276" status="PASS">
          <reporter-output>
          </reporter-output>
        </test-method> <!-- LoginFailureTestFromProperties -->
        <test-method is-config="true" signature="TearDown()[pri:0, instance:swaglab_test.LoginTest@75437611]" started-at="2025-06-21T14:34:07Z" name="TearDown" finished-at="2025-06-21T14:34:07Z" duration-ms="186" status="PASS">
          <reporter-output>
          </reporter-output>
        </test-method> <!-- TearDown -->
        <test-method is-config="true" signature="SetUp()[pri:0, instance:swaglab_test.LoginTest@75437611]" started-at="2025-06-21T14:34:07Z" name="SetUp" finished-at="2025-06-21T14:34:08Z" duration-ms="1164" status="PASS">
          <reporter-output>
          </reporter-output>
        </test-method> <!-- SetUp -->
        <test-method signature="LoginSuccessTest()[pri:0, instance:swaglab_test.LoginTest@75437611]" started-at="2025-06-21T14:34:08Z" name="LoginSuccessTest" finished-at="2025-06-21T14:34:08Z" duration-ms="336" status="PASS">
          <reporter-output>
          </reporter-output>
        </test-method> <!-- LoginSuccessTest -->
        <test-method is-config="true" signature="TearDown()[pri:0, instance:swaglab_test.LoginTest@75437611]" started-at="2025-06-21T14:34:08Z" name="TearDown" finished-at="2025-06-21T14:34:09Z" duration-ms="209" status="PASS">
          <reporter-output>
          </reporter-output>
        </test-method> <!-- TearDown -->
        <test-method is-config="true" signature="SetUp()[pri:0, instance:swaglab_test.LoginTest@75437611]" started-at="2025-06-21T14:34:09Z" name="SetUp" finished-at="2025-06-21T14:34:10Z" duration-ms="1101" status="PASS">
          <reporter-output>
          </reporter-output>
        </test-method> <!-- SetUp -->
        <test-method signature="LoginFailureTest()[pri:1, instance:swaglab_test.LoginTest@75437611]" started-at="2025-06-21T14:34:10Z" name="LoginFailureTest" finished-at="2025-06-21T14:34:10Z" duration-ms="294" status="PASS">
          <reporter-output>
          </reporter-output>
        </test-method> <!-- LoginFailureTest -->
        <test-method is-config="true" signature="TearDown()[pri:0, instance:swaglab_test.LoginTest@75437611]" started-at="2025-06-21T14:34:10Z" name="TearDown" finished-at="2025-06-21T14:34:10Z" duration-ms="158" status="PASS">
          <reporter-output>
          </reporter-output>
        </test-method> <!-- TearDown -->
        <test-method is-config="true" signature="Closeexcel()[pri:0, instance:swaglab_test.LoginTest@75437611]" started-at="2025-06-21T14:34:10Z" name="Closeexcel" finished-at="2025-06-21T14:34:10Z" duration-ms="2" status="PASS">
          <reporter-output>
          </reporter-output>
        </test-method> <!-- Closeexcel -->
      </class> <!-- swaglab_test.LoginTest -->
    </test> <!-- SmokeTest -->
  </suite> <!-- Simplilearn -->
</testng-results>
