<?xml version="1.0" encoding="UTF-8"?>
<testng-results ignored="0" total="5" passed="5" failed="0" skipped="0">
  <reporter-output>
  </reporter-output>
  <suite started-at="2025-06-08T13:58:44Z" name="Simplilearn" finished-at="2025-06-08T13:59:00Z" duration-ms="16236">
    <groups>
    </groups>
    <test started-at="2025-06-08T13:58:44Z" name="SmokeTest" finished-at="2025-06-08T13:59:00Z" duration-ms="16236">
      <class name="swaglab_test.LoginTest">
        <test-method is-config="true" signature="SetUpExcel()[pri:0, instance:swaglab_test.LoginTest@7bba5817]" started-at="2025-06-08T13:58:44Z" name="SetUpExcel" finished-at="2025-06-08T13:58:44Z" duration-ms="410" status="PASS">
          <reporter-output>
          </reporter-output>
        </test-method> <!-- SetUpExcel -->
        <test-method is-config="true" signature="SetUp()[pri:0, instance:swaglab_test.LoginTest@7bba5817]" started-at="2025-06-08T13:58:44Z" name="SetUp" finished-at="2025-06-08T13:58:51Z" duration-ms="7283" status="PASS">
          <reporter-output>
          </reporter-output>
        </test-method> <!-- SetUp -->
        <test-method signature="LockedUserLoginFailureTest()[pri:0, instance:swaglab_test.LoginTest@7bba5817]" started-at="2025-06-08T13:58:51Z" name="LockedUserLoginFailureTest" finished-at="2025-06-08T13:58:52Z" duration-ms="283" status="PASS">
          <reporter-output>
          </reporter-output>
        </test-method> <!-- LockedUserLoginFailureTest -->
        <test-method is-config="true" signature="TearDown()[pri:0, instance:swaglab_test.LoginTest@7bba5817]" started-at="2025-06-08T13:58:52Z" name="TearDown" finished-at="2025-06-08T13:58:52Z" duration-ms="114" status="PASS">
          <reporter-output>
          </reporter-output>
        </test-method> <!-- TearDown -->
        <test-method is-config="true" signature="SetUp()[pri:0, instance:swaglab_test.LoginTest@7bba5817]" started-at="2025-06-08T13:58:52Z" name="SetUp" finished-at="2025-06-08T13:58:53Z" duration-ms="1679" status="PASS">
          <reporter-output>
          </reporter-output>
        </test-method> <!-- SetUp -->
        <test-method signature="LoginFailureTestFromExcel()[pri:0, instance:swaglab_test.LoginTest@7bba5817]" started-at="2025-06-08T13:58:53Z" name="LoginFailureTestFromExcel" finished-at="2025-06-08T13:58:54Z" duration-ms="230" status="PASS">
          <reporter-output>
          </reporter-output>
        </test-method> <!-- LoginFailureTestFromExcel -->
        <test-method is-config="true" signature="TearDown()[pri:0, instance:swaglab_test.LoginTest@7bba5817]" started-at="2025-06-08T13:58:54Z" name="TearDown" finished-at="2025-06-08T13:58:54Z" duration-ms="138" status="PASS">
          <reporter-output>
          </reporter-output>
        </test-method> <!-- TearDown -->
        <test-method is-config="true" signature="SetUp()[pri:0, instance:swaglab_test.LoginTest@7bba5817]" started-at="2025-06-08T13:58:54Z" name="SetUp" finished-at="2025-06-08T13:58:55Z" duration-ms="1624" status="PASS">
          <reporter-output>
          </reporter-output>
        </test-method> <!-- SetUp -->
        <test-method signature="LoginFailureTestFromProperties()[pri:0, instance:swaglab_test.LoginTest@7bba5817]" started-at="2025-06-08T13:58:55Z" name="LoginFailureTestFromProperties" finished-at="2025-06-08T13:58:56Z" duration-ms="295" status="PASS">
          <reporter-output>
          </reporter-output>
        </test-method> <!-- LoginFailureTestFromProperties -->
        <test-method is-config="true" signature="TearDown()[pri:0, instance:swaglab_test.LoginTest@7bba5817]" started-at="2025-06-08T13:58:56Z" name="TearDown" finished-at="2025-06-08T13:58:56Z" duration-ms="119" status="PASS">
          <reporter-output>
          </reporter-output>
        </test-method> <!-- TearDown -->
        <test-method is-config="true" signature="SetUp()[pri:0, instance:swaglab_test.LoginTest@7bba5817]" started-at="2025-06-08T13:58:56Z" name="SetUp" finished-at="2025-06-08T13:58:57Z" duration-ms="1587" status="PASS">
          <reporter-output>
          </reporter-output>
        </test-method> <!-- SetUp -->
        <test-method signature="LoginSuccessTest()[pri:0, instance:swaglab_test.LoginTest@7bba5817]" started-at="2025-06-08T13:58:57Z" name="LoginSuccessTest" finished-at="2025-06-08T13:58:58Z" duration-ms="293" status="PASS">
          <reporter-output>
          </reporter-output>
        </test-method> <!-- LoginSuccessTest -->
        <test-method is-config="true" signature="TearDown()[pri:0, instance:swaglab_test.LoginTest@7bba5817]" started-at="2025-06-08T13:58:58Z" name="TearDown" finished-at="2025-06-08T13:58:58Z" duration-ms="136" status="PASS">
          <reporter-output>
          </reporter-output>
        </test-method> <!-- TearDown -->
        <test-method is-config="true" signature="SetUp()[pri:0, instance:swaglab_test.LoginTest@7bba5817]" started-at="2025-06-08T13:58:58Z" name="SetUp" finished-at="2025-06-08T13:58:59Z" duration-ms="1674" status="PASS">
          <reporter-output>
          </reporter-output>
        </test-method> <!-- SetUp -->
        <test-method signature="LoginFailureTest()[pri:1, instance:swaglab_test.LoginTest@7bba5817]" started-at="2025-06-08T13:58:59Z" name="LoginFailureTest" finished-at="2025-06-08T13:59:00Z" duration-ms="244" status="PASS">
          <reporter-output>
          </reporter-output>
        </test-method> <!-- LoginFailureTest -->
        <test-method is-config="true" signature="TearDown()[pri:0, instance:swaglab_test.LoginTest@7bba5817]" started-at="2025-06-08T13:59:00Z" name="TearDown" finished-at="2025-06-08T13:59:00Z" duration-ms="110" status="PASS">
          <reporter-output>
          </reporter-output>
        </test-method> <!-- TearDown -->
        <test-method is-config="true" signature="Closeexcel()[pri:0, instance:swaglab_test.LoginTest@7bba5817]" started-at="2025-06-08T13:59:00Z" name="Closeexcel" finished-at="2025-06-08T13:59:00Z" duration-ms="2" status="PASS">
          <reporter-output>
          </reporter-output>
        </test-method> <!-- Closeexcel -->
      </class> <!-- swaglab_test.LoginTest -->
    </test> <!-- SmokeTest -->
  </suite> <!-- Simplilearn -->
</testng-results>
