<?xml version="1.0" encoding="UTF-8"?>
<testng-results ignored="0" total="5" passed="5" failed="0" skipped="0">
  <reporter-output>
  </reporter-output>
  <suite started-at="2025-06-07T17:24:14Z" name="Default suite" finished-at="2025-06-07T17:24:26Z" duration-ms="12451">
    <groups>
    </groups>
    <test started-at="2025-06-07T17:24:14Z" name="Default test" finished-at="2025-06-07T17:24:26Z" duration-ms="12451">
      <class name="swaglab_test.LoginTest">
        <test-method is-config="true" signature="SetUpExcel()[pri:0, instance:swaglab_test.LoginTest@311bf055]" started-at="2025-06-07T17:24:14Z" name="SetUpExcel" finished-at="2025-06-07T17:24:14Z" duration-ms="429" status="PASS">
          <reporter-output>
          </reporter-output>
        </test-method> <!-- SetUpExcel -->
        <test-method is-config="true" signature="SetUp()[pri:0, instance:swaglab_test.LoginTest@311bf055]" started-at="2025-06-07T17:24:14Z" name="SetUp" finished-at="2025-06-07T17:24:16Z" duration-ms="2002" status="PASS">
          <reporter-output>
          </reporter-output>
        </test-method> <!-- SetUp -->
        <test-method signature="LockedUserLoginFailureTest()[pri:0, instance:swaglab_test.LoginTest@311bf055]" started-at="2025-06-07T17:24:16Z" name="LockedUserLoginFailureTest" finished-at="2025-06-07T17:24:17Z" duration-ms="327" status="PASS">
          <reporter-output>
          </reporter-output>
        </test-method> <!-- LockedUserLoginFailureTest -->
        <test-method is-config="true" signature="TearDown()[pri:0, instance:swaglab_test.LoginTest@311bf055]" started-at="2025-06-07T17:24:17Z" name="TearDown" finished-at="2025-06-07T17:24:17Z" duration-ms="170" status="PASS">
          <reporter-output>
          </reporter-output>
        </test-method> <!-- TearDown -->
        <test-method is-config="true" signature="SetUp()[pri:0, instance:swaglab_test.LoginTest@311bf055]" started-at="2025-06-07T17:24:17Z" name="SetUp" finished-at="2025-06-07T17:24:19Z" duration-ms="1855" status="PASS">
          <reporter-output>
          </reporter-output>
        </test-method> <!-- SetUp -->
        <test-method signature="LoginFailureTestFromExcel()[pri:0, instance:swaglab_test.LoginTest@311bf055]" started-at="2025-06-07T17:24:19Z" name="LoginFailureTestFromExcel" finished-at="2025-06-07T17:24:19Z" duration-ms="329" status="PASS">
          <reporter-output>
          </reporter-output>
        </test-method> <!-- LoginFailureTestFromExcel -->
        <test-method is-config="true" signature="TearDown()[pri:0, instance:swaglab_test.LoginTest@311bf055]" started-at="2025-06-07T17:24:19Z" name="TearDown" finished-at="2025-06-07T17:24:19Z" duration-ms="244" status="PASS">
          <reporter-output>
          </reporter-output>
        </test-method> <!-- TearDown -->
        <test-method is-config="true" signature="SetUp()[pri:0, instance:swaglab_test.LoginTest@311bf055]" started-at="2025-06-07T17:24:19Z" name="SetUp" finished-at="2025-06-07T17:24:21Z" duration-ms="1869" status="PASS">
          <reporter-output>
          </reporter-output>
        </test-method> <!-- SetUp -->
        <test-method signature="LoginFailureTestFromProperties()[pri:0, instance:swaglab_test.LoginTest@311bf055]" started-at="2025-06-07T17:24:21Z" name="LoginFailureTestFromProperties" finished-at="2025-06-07T17:24:22Z" duration-ms="275" status="PASS">
          <reporter-output>
          </reporter-output>
        </test-method> <!-- LoginFailureTestFromProperties -->
        <test-method is-config="true" signature="TearDown()[pri:0, instance:swaglab_test.LoginTest@311bf055]" started-at="2025-06-07T17:24:22Z" name="TearDown" finished-at="2025-06-07T17:24:22Z" duration-ms="194" status="PASS">
          <reporter-output>
          </reporter-output>
        </test-method> <!-- TearDown -->
        <test-method is-config="true" signature="SetUp()[pri:0, instance:swaglab_test.LoginTest@311bf055]" started-at="2025-06-07T17:24:22Z" name="SetUp" finished-at="2025-06-07T17:24:24Z" duration-ms="1969" status="PASS">
          <reporter-output>
          </reporter-output>
        </test-method> <!-- SetUp -->
        <test-method signature="LoginSuccessTest()[pri:0, instance:swaglab_test.LoginTest@311bf055]" started-at="2025-06-07T17:24:24Z" name="LoginSuccessTest" finished-at="2025-06-07T17:24:24Z" duration-ms="327" status="PASS">
          <reporter-output>
          </reporter-output>
        </test-method> <!-- LoginSuccessTest -->
        <test-method is-config="true" signature="TearDown()[pri:0, instance:swaglab_test.LoginTest@311bf055]" started-at="2025-06-07T17:24:24Z" name="TearDown" finished-at="2025-06-07T17:24:24Z" duration-ms="169" status="PASS">
          <reporter-output>
          </reporter-output>
        </test-method> <!-- TearDown -->
        <test-method is-config="true" signature="SetUp()[pri:0, instance:swaglab_test.LoginTest@311bf055]" started-at="2025-06-07T17:24:24Z" name="SetUp" finished-at="2025-06-07T17:24:26Z" duration-ms="1776" status="PASS">
          <reporter-output>
          </reporter-output>
        </test-method> <!-- SetUp -->
        <test-method signature="LoginFailureTest()[pri:1, instance:swaglab_test.LoginTest@311bf055]" started-at="2025-06-07T17:24:26Z" name="LoginFailureTest" finished-at="2025-06-07T17:24:26Z" duration-ms="285" status="PASS">
          <reporter-output>
          </reporter-output>
        </test-method> <!-- LoginFailureTest -->
        <test-method is-config="true" signature="TearDown()[pri:0, instance:swaglab_test.LoginTest@311bf055]" started-at="2025-06-07T17:24:26Z" name="TearDown" finished-at="2025-06-07T17:24:26Z" duration-ms="208" status="PASS">
          <reporter-output>
          </reporter-output>
        </test-method> <!-- TearDown -->
        <test-method is-config="true" signature="Closeexcel()[pri:0, instance:swaglab_test.LoginTest@311bf055]" started-at="2025-06-07T17:24:26Z" name="Closeexcel" finished-at="2025-06-07T17:24:26Z" duration-ms="3" status="PASS">
          <reporter-output>
          </reporter-output>
        </test-method> <!-- Closeexcel -->
      </class> <!-- swaglab_test.LoginTest -->
    </test> <!-- Default test -->
  </suite> <!-- Default suite -->
</testng-results>
