<?xml version="1.0" encoding="UTF-8"?>
<!-- Generated by org.testng.reporters.JUnitXMLReporter -->
<testsuite ignored="0" hostname="LAPTOP-0BD3UPIP" failures="0" tests="5" name="SmokeTest" time="12.884" errors="0" timestamp="07 Jun 2025 17:25:32 GMT">
  <testcase classname="swaglab_test.LoginTest" name="LockedUserLoginFailureTest" time="0.349"/>
  <testcase classname="swaglab_test.LoginTest" name="LoginFailureTestFromExcel" time="0.382"/>
  <testcase classname="swaglab_test.LoginTest" name="LoginFailureTestFromProperties" time="0.301"/>
  <testcase classname="swaglab_test.LoginTest" name="LoginSuccessTest" time="0.357"/>
  <testcase classname="swaglab_test.LoginTest" name="LoginFailureTest" time="0.32"/>
</testsuite> <!-- SmokeTest -->
