<?xml version="1.0" encoding="UTF-8"?>
<!-- Generated by org.testng.reporters.JUnitXMLReporter -->
<testsuite ignored="0" hostname="LAPTOP-0BD3UPIP" failures="0" tests="5" name="SmokeTest" time="8.769" errors="0" timestamp="21 Jun 2025 14:34:10 GMT">
  <testcase classname="swaglab_test.LoginTest" name="LockedUserLoginFailureTest" time="0.295"/>
  <testcase classname="swaglab_test.LoginTest" name="LoginFailureTestFromExcel" time="0.278"/>
  <testcase classname="swaglab_test.LoginTest" name="LoginFailureTestFromProperties" time="0.276"/>
  <testcase classname="swaglab_test.LoginTest" name="LoginSuccessTest" time="0.336"/>
  <testcase classname="swaglab_test.LoginTest" name="LoginFailureTest" time="0.294"/>
</testsuite> <!-- SmokeTest -->
